<?xml version="1.0" encoding="UTF-8"?><!DOCTYPE coverage SYSTEM "http://cobertura.sourceforge.net/xml/coverage-04.dtd"><coverage line-rate="None" branch-rate="1.0" lines-covered="0" lines-valid="0" branches-covered="12" branches-valid="12" complexity="0.0" version="pynguin-0.36.0.dev" timestamp="1714405667">
  <sources>
    <source>foo</source>
  </sources>
  <packages>
    <package name="" line-rate="None" branch-rate="1.0" complexity="0.0">
      <classes>
        <class name="" filename="foo" line-rate="None" branch-rate="1.0" complexity="0.0">
          <methods />
          <lines>
            <line number="1" hits="1" branch="true" condition-coverage="100% (2/2)" />
            <line number="2" hits="1" branch="true" condition-coverage="100% (1/1)" />
            <line number="5" hits="1" branch="true" condition-coverage="100% (1/1)" />
            <line number="8" hits="1" branch="true" condition-coverage="100% (1/1)" />
            <line number="12" hits="1" branch="true" condition-coverage="100% (2/2)" />
            <line number="19" hits="1" branch="true" condition-coverage="100% (1/1)" />
            <line number="25" hits="1" branch="true" condition-coverage="100% (2/2)" />
            <line number="27" hits="1" branch="true" condition-coverage="100% (2/2)" />
          </lines>
        </class>
      </classes>
    </package>
  </packages>
</coverage>